INFO:     Will watch for changes in these directories: ['/Users/aakashbaskar/Downloads/APEX_project/apex_backend']
INFO:     Uvicorn running on http://127.0.0.1:8000 (Press CTRL+C to quit)
INFO:     Started reloader process [79351] using WatchFiles
INFO:     Started server process [79442]
INFO:     Waiting for application startup.
INFO:     Application startup complete.
INFO:     127.0.0.1:51979 - "GET /api/health HTTP/1.1" 200 OK
INFO:     127.0.0.1:51981 - "GET /api/health HTTP/1.1" 200 OK
OpenF1 API Restricted (401): {"detail":"Live F1 session in progress. Global API access (including past sessions) is restricted to authenticated users until the session ends. Get an API key here: https://buy.stripe.com/eVqcN41BPekP0iIalBcEw02"}
INFO:     127.0.0.1:51980 - "GET /api/calendar HTTP/1.1" 200 OK
OpenF1 API Restricted (401): {"detail":"Live F1 session in progress. Global API access (including past sessions) is restricted to authenticated users until the session ends. Get an API key here: https://buy.stripe.com/eVqcN41BPekP0iIalBcEw02"}
INFO:     127.0.0.1:51983 - "GET /api/calendar HTTP/1.1" 200 OK
OpenF1 API Restricted (401): {"detail":"Live F1 session in progress. Global API access (including past sessions) is restricted to authenticated users until the session ends. Get an API key here: https://buy.stripe.com/eVqcN41BPekP0iIalBcEw02"}
INFO:     127.0.0.1:51984 - "GET /api/sessions/1280 HTTP/1.1" 500 Internal Server Error
ERROR:    Exception in ASGI application
Traceback (most recent call last):
  File "/Users/aakashbaskar/Downloads/APEX_project/venv/lib/python3.13/site-packages/uvicorn/protocols/http/httptools_impl.py", line 401, in run_asgi
    result = await app(  # type: ignore[func-returns-value]
             ^^^^^^^^^^^^^^^^^^^^^^^^^^^^^^^^^^^^^^^^^^^^^^
        self.scope, self.receive, self.send
        ^^^^^^^^^^^^^^^^^^^^^^^^^^^^^^^^^^^
    )
    ^
  File "/Users/aakashbaskar/Downloads/APEX_project/venv/lib/python3.13/site-packages/uvicorn/middleware/proxy_headers.py", line 60, in __call__
    return await self.app(scope, receive, send)
           ^^^^^^^^^^^^^^^^^^^^^^^^^^^^^^^^^^^^
  File "/Users/aakashbaskar/Downloads/APEX_project/venv/lib/python3.13/site-packages/fastapi/applications.py", line 1054, in __call__
    await super().__call__(scope, receive, send)
  File "/Users/aakashbaskar/Downloads/APEX_project/venv/lib/python3.13/site-packages/starlette/applications.py", line 113, in __call__
    await self.middleware_stack(scope, receive, send)
  File "/Users/aakashbaskar/Downloads/APEX_project/venv/lib/python3.13/site-packages/starlette/middleware/errors.py", line 187, in __call__
    raise exc
  File "/Users/aakashbaskar/Downloads/APEX_project/venv/lib/python3.13/site-packages/starlette/middleware/errors.py", line 165, in __call__
    await self.app(scope, receive, _send)
  File "/Users/aakashbaskar/Downloads/APEX_project/venv/lib/python3.13/site-packages/starlette/middleware/cors.py", line 85, in __call__
    await self.app(scope, receive, send)
  File "/Users/aakashbaskar/Downloads/APEX_project/venv/lib/python3.13/site-packages/starlette/middleware/exceptions.py", line 62, in __call__
    await wrap_app_handling_exceptions(self.app, conn)(scope, receive, send)
  File "/Users/aakashbaskar/Downloads/APEX_project/venv/lib/python3.13/site-packages/starlette/_exception_handler.py", line 62, in wrapped_app
    raise exc
  File "/Users/aakashbaskar/Downloads/APEX_project/venv/lib/python3.13/site-packages/starlette/_exception_handler.py", line 51, in wrapped_app
    await app(scope, receive, sender)
  File "/Users/aakashbaskar/Downloads/APEX_project/venv/lib/python3.13/site-packages/starlette/routing.py", line 715, in __call__
    await self.middleware_stack(scope, receive, send)
  File "/Users/aakashbaskar/Downloads/APEX_project/venv/lib/python3.13/site-packages/starlette/routing.py", line 735, in app
    await route.handle(scope, receive, send)
  File "/Users/aakashbaskar/Downloads/APEX_project/venv/lib/python3.13/site-packages/starlette/routing.py", line 288, in handle
    await self.app(scope, receive, send)
  File "/Users/aakashbaskar/Downloads/APEX_project/venv/lib/python3.13/site-packages/starlette/routing.py", line 76, in app
    await wrap_app_handling_exceptions(app, request)(scope, receive, send)
  File "/Users/aakashbaskar/Downloads/APEX_project/venv/lib/python3.13/site-packages/starlette/_exception_handler.py", line 62, in wrapped_app
    raise exc
  File "/Users/aakashbaskar/Downloads/APEX_project/venv/lib/python3.13/site-packages/starlette/_exception_handler.py", line 51, in wrapped_app
    await app(scope, receive, sender)
  File "/Users/aakashbaskar/Downloads/APEX_project/venv/lib/python3.13/site-packages/starlette/routing.py", line 73, in app
    response = await f(request)
               ^^^^^^^^^^^^^^^^
  File "/Users/aakashbaskar/Downloads/APEX_project/venv/lib/python3.13/site-packages/fastapi/routing.py", line 301, in app
    raw_response = await run_endpoint_function(
                   ^^^^^^^^^^^^^^^^^^^^^^^^^^^^
    ...<3 lines>...
    )
    ^
  File "/Users/aakashbaskar/Downloads/APEX_project/venv/lib/python3.13/site-packages/fastapi/routing.py", line 214, in run_endpoint_function
    return await run_in_threadpool(dependant.call, **values)
           ^^^^^^^^^^^^^^^^^^^^^^^^^^^^^^^^^^^^^^^^^^^^^^^^^
  File "/Users/aakashbaskar/Downloads/APEX_project/venv/lib/python3.13/site-packages/starlette/concurrency.py", line 39, in run_in_threadpool
    return await anyio.to_thread.run_sync(func, *args)
           ^^^^^^^^^^^^^^^^^^^^^^^^^^^^^^^^^^^^^^^^^^^
  File "/Users/aakashbaskar/Downloads/APEX_project/venv/lib/python3.13/site-packages/anyio/to_thread.py", line 63, in run_sync
    return await get_async_backend().run_sync_in_worker_thread(
           ^^^^^^^^^^^^^^^^^^^^^^^^^^^^^^^^^^^^^^^^^^^^^^^^^^^^
        func, args, abandon_on_cancel=abandon_on_cancel, limiter=limiter
        ^^^^^^^^^^^^^^^^^^^^^^^^^^^^^^^^^^^^^^^^^^^^^^^^^^^^^^^^^^^^^^^^
    )
    ^
  File "/Users/aakashbaskar/Downloads/APEX_project/venv/lib/python3.13/site-packages/anyio/_backends/_asyncio.py", line 2502, in run_sync_in_worker_thread
    return await future
           ^^^^^^^^^^^^
  File "/Users/aakashbaskar/Downloads/APEX_project/venv/lib/python3.13/site-packages/anyio/_backends/_asyncio.py", line 986, in run
    result = context.run(func, *args)
  File "/Users/aakashbaskar/Downloads/APEX_project/apex_backend/api.py", line 229, in get_sessions
    if date_end < now:
       ^^^^^^^^^^^^^^
TypeError: can't compare offset-naive and offset-aware datetimes
OpenF1 API Restricted (401): {"detail":"Live F1 session in progress. Global API access (including past sessions) is restricted to authenticated users until the session ends. Get an API key here: https://buy.stripe.com/eVqcN41BPekP0iIalBcEw02"}
INFO:     127.0.0.1:51988 - "GET /api/calendar HTTP/1.1" 200 OK
INFO:     127.0.0.1:51996 - "GET /api/health HTTP/1.1" 200 OK
INFO:     127.0.0.1:51998 - "GET /api/health HTTP/1.1" 200 OK
OpenF1 API Restricted (401): {"detail":"Live F1 session in progress. Global API access (including past sessions) is restricted to authenticated users until the session ends. Get an API key here: https://buy.stripe.com/eVqcN41BPekP0iIalBcEw02"}
INFO:     127.0.0.1:51997 - "GET /api/calendar HTTP/1.1" 200 OK
OpenF1 API Restricted (401): {"detail":"Live F1 session in progress. Global API access (including past sessions) is restricted to authenticated users until the session ends. Get an API key here: https://buy.stripe.com/eVqcN41BPekP0iIalBcEw02"}
OpenF1 API Restricted (401): {"detail":"Live F1 session in progress. Global API access (including past sessions) is restricted to authenticated users until the session ends. Get an API key here: https://buy.stripe.com/eVqcN41BPekP0iIalBcEw02"}
INFO:     127.0.0.1:52000 - "GET /api/calendar HTTP/1.1" 200 OK
INFO:     127.0.0.1:52002 - "GET /api/sessions/1280 HTTP/1.1" 500 Internal Server Error
ERROR:    Exception in ASGI application
Traceback (most recent call last):
  File "/Users/aakashbaskar/Downloads/APEX_project/venv/lib/python3.13/site-packages/uvicorn/protocols/http/httptools_impl.py", line 401, in run_asgi
    result = await app(  # type: ignore[func-returns-value]
             ^^^^^^^^^^^^^^^^^^^^^^^^^^^^^^^^^^^^^^^^^^^^^^
        self.scope, self.receive, self.send
        ^^^^^^^^^^^^^^^^^^^^^^^^^^^^^^^^^^^
    )
    ^
  File "/Users/aakashbaskar/Downloads/APEX_project/venv/lib/python3.13/site-packages/uvicorn/middleware/proxy_headers.py", line 60, in __call__
    return await self.app(scope, receive, send)
           ^^^^^^^^^^^^^^^^^^^^^^^^^^^^^^^^^^^^
  File "/Users/aakashbaskar/Downloads/APEX_project/venv/lib/python3.13/site-packages/fastapi/applications.py", line 1054, in __call__
    await super().__call__(scope, receive, send)
  File "/Users/aakashbaskar/Downloads/APEX_project/venv/lib/python3.13/site-packages/starlette/applications.py", line 113, in __call__
    await self.middleware_stack(scope, receive, send)
  File "/Users/aakashbaskar/Downloads/APEX_project/venv/lib/python3.13/site-packages/starlette/middleware/errors.py", line 187, in __call__
    raise exc
  File "/Users/aakashbaskar/Downloads/APEX_project/venv/lib/python3.13/site-packages/starlette/middleware/errors.py", line 165, in __call__
    await self.app(scope, receive, _send)
  File "/Users/aakashbaskar/Downloads/APEX_project/venv/lib/python3.13/site-packages/starlette/middleware/cors.py", line 85, in __call__
    await self.app(scope, receive, send)
  File "/Users/aakashbaskar/Downloads/APEX_project/venv/lib/python3.13/site-packages/starlette/middleware/exceptions.py", line 62, in __call__
    await wrap_app_handling_exceptions(self.app, conn)(scope, receive, send)
  File "/Users/aakashbaskar/Downloads/APEX_project/venv/lib/python3.13/site-packages/starlette/_exception_handler.py", line 62, in wrapped_app
    raise exc
  File "/Users/aakashbaskar/Downloads/APEX_project/venv/lib/python3.13/site-packages/starlette/_exception_handler.py", line 51, in wrapped_app
    await app(scope, receive, sender)
  File "/Users/aakashbaskar/Downloads/APEX_project/venv/lib/python3.13/site-packages/starlette/routing.py", line 715, in __call__
    await self.middleware_stack(scope, receive, send)
  File "/Users/aakashbaskar/Downloads/APEX_project/venv/lib/python3.13/site-packages/starlette/routing.py", line 735, in app
    await route.handle(scope, receive, send)
  File "/Users/aakashbaskar/Downloads/APEX_project/venv/lib/python3.13/site-packages/starlette/routing.py", line 288, in handle
    await self.app(scope, receive, send)
  File "/Users/aakashbaskar/Downloads/APEX_project/venv/lib/python3.13/site-packages/starlette/routing.py", line 76, in app
    await wrap_app_handling_exceptions(app, request)(scope, receive, send)
  File "/Users/aakashbaskar/Downloads/APEX_project/venv/lib/python3.13/site-packages/starlette/_exception_handler.py", line 62, in wrapped_app
    raise exc
  File "/Users/aakashbaskar/Downloads/APEX_project/venv/lib/python3.13/site-packages/starlette/_exception_handler.py", line 51, in wrapped_app
    await app(scope, receive, sender)
  File "/Users/aakashbaskar/Downloads/APEX_project/venv/lib/python3.13/site-packages/starlette/routing.py", line 73, in app
    response = await f(request)
               ^^^^^^^^^^^^^^^^
  File "/Users/aakashbaskar/Downloads/APEX_project/venv/lib/python3.13/site-packages/fastapi/routing.py", line 301, in app
    raw_response = await run_endpoint_function(
                   ^^^^^^^^^^^^^^^^^^^^^^^^^^^^
    ...<3 lines>...
    )
    ^
  File "/Users/aakashbaskar/Downloads/APEX_project/venv/lib/python3.13/site-packages/fastapi/routing.py", line 214, in run_endpoint_function
    return await run_in_threadpool(dependant.call, **values)
           ^^^^^^^^^^^^^^^^^^^^^^^^^^^^^^^^^^^^^^^^^^^^^^^^^
  File "/Users/aakashbaskar/Downloads/APEX_project/venv/lib/python3.13/site-packages/starlette/concurrency.py", line 39, in run_in_threadpool
    return await anyio.to_thread.run_sync(func, *args)
           ^^^^^^^^^^^^^^^^^^^^^^^^^^^^^^^^^^^^^^^^^^^
  File "/Users/aakashbaskar/Downloads/APEX_project/venv/lib/python3.13/site-packages/anyio/to_thread.py", line 63, in run_sync
    return await get_async_backend().run_sync_in_worker_thread(
           ^^^^^^^^^^^^^^^^^^^^^^^^^^^^^^^^^^^^^^^^^^^^^^^^^^^^
        func, args, abandon_on_cancel=abandon_on_cancel, limiter=limiter
        ^^^^^^^^^^^^^^^^^^^^^^^^^^^^^^^^^^^^^^^^^^^^^^^^^^^^^^^^^^^^^^^^
    )
    ^
  File "/Users/aakashbaskar/Downloads/APEX_project/venv/lib/python3.13/site-packages/anyio/_backends/_asyncio.py", line 2502, in run_sync_in_worker_thread
    return await future
           ^^^^^^^^^^^^
  File "/Users/aakashbaskar/Downloads/APEX_project/venv/lib/python3.13/site-packages/anyio/_backends/_asyncio.py", line 986, in run
    result = context.run(func, *args)
  File "/Users/aakashbaskar/Downloads/APEX_project/apex_backend/api.py", line 229, in get_sessions
    if date_end < now:
       ^^^^^^^^^^^^^^
TypeError: can't compare offset-naive and offset-aware datetimes
INFO:     127.0.0.1:52013 - "GET /api/health HTTP/1.1" 200 OK
INFO:     127.0.0.1:52013 - "GET /favicon.ico HTTP/1.1" 404 Not Found
OpenF1 API Restricted (401): {"detail":"Live F1 session in progress. Global API access (including past sessions) is restricted to authenticated users until the session ends. Get an API key here: https://buy.stripe.com/eVqcN41BPekP0iIalBcEw02"}
INFO:     127.0.0.1:52013 - "GET /api/sessions/1280 HTTP/1.1" 500 Internal Server Error
ERROR:    Exception in ASGI application
Traceback (most recent call last):
  File "/Users/aakashbaskar/Downloads/APEX_project/venv/lib/python3.13/site-packages/uvicorn/protocols/http/httptools_impl.py", line 401, in run_asgi
    result = await app(  # type: ignore[func-returns-value]
             ^^^^^^^^^^^^^^^^^^^^^^^^^^^^^^^^^^^^^^^^^^^^^^
        self.scope, self.receive, self.send
        ^^^^^^^^^^^^^^^^^^^^^^^^^^^^^^^^^^^
    )
    ^
  File "/Users/aakashbaskar/Downloads/APEX_project/venv/lib/python3.13/site-packages/uvicorn/middleware/proxy_headers.py", line 60, in __call__
    return await self.app(scope, receive, send)
           ^^^^^^^^^^^^^^^^^^^^^^^^^^^^^^^^^^^^
  File "/Users/aakashbaskar/Downloads/APEX_project/venv/lib/python3.13/site-packages/fastapi/applications.py", line 1054, in __call__
    await super().__call__(scope, receive, send)
  File "/Users/aakashbaskar/Downloads/APEX_project/venv/lib/python3.13/site-packages/starlette/applications.py", line 113, in __call__
    await self.middleware_stack(scope, receive, send)
  File "/Users/aakashbaskar/Downloads/APEX_project/venv/lib/python3.13/site-packages/starlette/middleware/errors.py", line 187, in __call__
    raise exc
  File "/Users/aakashbaskar/Downloads/APEX_project/venv/lib/python3.13/site-packages/starlette/middleware/errors.py", line 165, in __call__
    await self.app(scope, receive, _send)
  File "/Users/aakashbaskar/Downloads/APEX_project/venv/lib/python3.13/site-packages/starlette/middleware/cors.py", line 85, in __call__
    await self.app(scope, receive, send)
  File "/Users/aakashbaskar/Downloads/APEX_project/venv/lib/python3.13/site-packages/starlette/middleware/exceptions.py", line 62, in __call__
    await wrap_app_handling_exceptions(self.app, conn)(scope, receive, send)
  File "/Users/aakashbaskar/Downloads/APEX_project/venv/lib/python3.13/site-packages/starlette/_exception_handler.py", line 62, in wrapped_app
    raise exc
  File "/Users/aakashbaskar/Downloads/APEX_project/venv/lib/python3.13/site-packages/starlette/_exception_handler.py", line 51, in wrapped_app
    await app(scope, receive, sender)
  File "/Users/aakashbaskar/Downloads/APEX_project/venv/lib/python3.13/site-packages/starlette/routing.py", line 715, in __call__
    await self.middleware_stack(scope, receive, send)
  File "/Users/aakashbaskar/Downloads/APEX_project/venv/lib/python3.13/site-packages/starlette/routing.py", line 735, in app
    await route.handle(scope, receive, send)
  File "/Users/aakashbaskar/Downloads/APEX_project/venv/lib/python3.13/site-packages/starlette/routing.py", line 288, in handle
    await self.app(scope, receive, send)
  File "/Users/aakashbaskar/Downloads/APEX_project/venv/lib/python3.13/site-packages/starlette/routing.py", line 76, in app
    await wrap_app_handling_exceptions(app, request)(scope, receive, send)
  File "/Users/aakashbaskar/Downloads/APEX_project/venv/lib/python3.13/site-packages/starlette/_exception_handler.py", line 62, in wrapped_app
    raise exc
  File "/Users/aakashbaskar/Downloads/APEX_project/venv/lib/python3.13/site-packages/starlette/_exception_handler.py", line 51, in wrapped_app
    await app(scope, receive, sender)
  File "/Users/aakashbaskar/Downloads/APEX_project/venv/lib/python3.13/site-packages/starlette/routing.py", line 73, in app
    response = await f(request)
               ^^^^^^^^^^^^^^^^
  File "/Users/aakashbaskar/Downloads/APEX_project/venv/lib/python3.13/site-packages/fastapi/routing.py", line 301, in app
    raw_response = await run_endpoint_function(
                   ^^^^^^^^^^^^^^^^^^^^^^^^^^^^
    ...<3 lines>...
    )
    ^
  File "/Users/aakashbaskar/Downloads/APEX_project/venv/lib/python3.13/site-packages/fastapi/routing.py", line 214, in run_endpoint_function
    return await run_in_threadpool(dependant.call, **values)
           ^^^^^^^^^^^^^^^^^^^^^^^^^^^^^^^^^^^^^^^^^^^^^^^^^
  File "/Users/aakashbaskar/Downloads/APEX_project/venv/lib/python3.13/site-packages/starlette/concurrency.py", line 39, in run_in_threadpool
    return await anyio.to_thread.run_sync(func, *args)
           ^^^^^^^^^^^^^^^^^^^^^^^^^^^^^^^^^^^^^^^^^^^
  File "/Users/aakashbaskar/Downloads/APEX_project/venv/lib/python3.13/site-packages/anyio/to_thread.py", line 63, in run_sync
    return await get_async_backend().run_sync_in_worker_thread(
           ^^^^^^^^^^^^^^^^^^^^^^^^^^^^^^^^^^^^^^^^^^^^^^^^^^^^
        func, args, abandon_on_cancel=abandon_on_cancel, limiter=limiter
        ^^^^^^^^^^^^^^^^^^^^^^^^^^^^^^^^^^^^^^^^^^^^^^^^^^^^^^^^^^^^^^^^
    )
    ^
  File "/Users/aakashbaskar/Downloads/APEX_project/venv/lib/python3.13/site-packages/anyio/_backends/_asyncio.py", line 2502, in run_sync_in_worker_thread
    return await future
           ^^^^^^^^^^^^
  File "/Users/aakashbaskar/Downloads/APEX_project/venv/lib/python3.13/site-packages/anyio/_backends/_asyncio.py", line 986, in run
    result = context.run(func, *args)
  File "/Users/aakashbaskar/Downloads/APEX_project/apex_backend/api.py", line 229, in get_sessions
    if date_end < now:
       ^^^^^^^^^^^^^^
TypeError: can't compare offset-naive and offset-aware datetimes
INFO:     127.0.0.1:52026 - "GET /api/health HTTP/1.1" 200 OK
INFO:     127.0.0.1:52028 - "GET /api/health HTTP/1.1" 200 OK
OpenF1 API Restricted (401): {"detail":"Live F1 session in progress. Global API access (including past sessions) is restricted to authenticated users until the session ends. Get an API key here: https://buy.stripe.com/eVqcN41BPekP0iIalBcEw02"}
INFO:     127.0.0.1:52027 - "GET /api/calendar HTTP/1.1" 200 OK
OpenF1 API Restricted (401): {"detail":"Live F1 session in progress. Global API access (including past sessions) is restricted to authenticated users until the session ends. Get an API key here: https://buy.stripe.com/eVqcN41BPekP0iIalBcEw02"}
OpenF1 API Restricted (401): {"detail":"Live F1 session in progress. Global API access (including past sessions) is restricted to authenticated users until the session ends. Get an API key here: https://buy.stripe.com/eVqcN41BPekP0iIalBcEw02"}
INFO:     127.0.0.1:52030 - "GET /api/calendar HTTP/1.1" 200 OK
INFO:     127.0.0.1:52032 - "GET /api/sessions/1280 HTTP/1.1" 500 Internal Server Error
ERROR:    Exception in ASGI application
Traceback (most recent call last):
  File "/Users/aakashbaskar/Downloads/APEX_project/venv/lib/python3.13/site-packages/uvicorn/protocols/http/httptools_impl.py", line 401, in run_asgi
    result = await app(  # type: ignore[func-returns-value]
             ^^^^^^^^^^^^^^^^^^^^^^^^^^^^^^^^^^^^^^^^^^^^^^
        self.scope, self.receive, self.send
        ^^^^^^^^^^^^^^^^^^^^^^^^^^^^^^^^^^^
    )
    ^
  File "/Users/aakashbaskar/Downloads/APEX_project/venv/lib/python3.13/site-packages/uvicorn/middleware/proxy_headers.py", line 60, in __call__
    return await self.app(scope, receive, send)
           ^^^^^^^^^^^^^^^^^^^^^^^^^^^^^^^^^^^^
  File "/Users/aakashbaskar/Downloads/APEX_project/venv/lib/python3.13/site-packages/fastapi/applications.py", line 1054, in __call__
    await super().__call__(scope, receive, send)
  File "/Users/aakashbaskar/Downloads/APEX_project/venv/lib/python3.13/site-packages/starlette/applications.py", line 113, in __call__
    await self.middleware_stack(scope, receive, send)
  File "/Users/aakashbaskar/Downloads/APEX_project/venv/lib/python3.13/site-packages/starlette/middleware/errors.py", line 187, in __call__
    raise exc
  File "/Users/aakashbaskar/Downloads/APEX_project/venv/lib/python3.13/site-packages/starlette/middleware/errors.py", line 165, in __call__
    await self.app(scope, receive, _send)
  File "/Users/aakashbaskar/Downloads/APEX_project/venv/lib/python3.13/site-packages/starlette/middleware/cors.py", line 85, in __call__
    await self.app(scope, receive, send)
  File "/Users/aakashbaskar/Downloads/APEX_project/venv/lib/python3.13/site-packages/starlette/middleware/exceptions.py", line 62, in __call__
    await wrap_app_handling_exceptions(self.app, conn)(scope, receive, send)
  File "/Users/aakashbaskar/Downloads/APEX_project/venv/lib/python3.13/site-packages/starlette/_exception_handler.py", line 62, in wrapped_app
    raise exc
  File "/Users/aakashbaskar/Downloads/APEX_project/venv/lib/python3.13/site-packages/starlette/_exception_handler.py", line 51, in wrapped_app
    await app(scope, receive, sender)
  File "/Users/aakashbaskar/Downloads/APEX_project/venv/lib/python3.13/site-packages/starlette/routing.py", line 715, in __call__
    await self.middleware_stack(scope, receive, send)
  File "/Users/aakashbaskar/Downloads/APEX_project/venv/lib/python3.13/site-packages/starlette/routing.py", line 735, in app
    await route.handle(scope, receive, send)
  File "/Users/aakashbaskar/Downloads/APEX_project/venv/lib/python3.13/site-packages/starlette/routing.py", line 288, in handle
    await self.app(scope, receive, send)
  File "/Users/aakashbaskar/Downloads/APEX_project/venv/lib/python3.13/site-packages/starlette/routing.py", line 76, in app
    await wrap_app_handling_exceptions(app, request)(scope, receive, send)
  File "/Users/aakashbaskar/Downloads/APEX_project/venv/lib/python3.13/site-packages/starlette/_exception_handler.py", line 62, in wrapped_app
    raise exc
  File "/Users/aakashbaskar/Downloads/APEX_project/venv/lib/python3.13/site-packages/starlette/_exception_handler.py", line 51, in wrapped_app
    await app(scope, receive, sender)
  File "/Users/aakashbaskar/Downloads/APEX_project/venv/lib/python3.13/site-packages/starlette/routing.py", line 73, in app
    response = await f(request)
               ^^^^^^^^^^^^^^^^
  File "/Users/aakashbaskar/Downloads/APEX_project/venv/lib/python3.13/site-packages/fastapi/routing.py", line 301, in app
    raw_response = await run_endpoint_function(
                   ^^^^^^^^^^^^^^^^^^^^^^^^^^^^
    ...<3 lines>...
    )
    ^
  File "/Users/aakashbaskar/Downloads/APEX_project/venv/lib/python3.13/site-packages/fastapi/routing.py", line 214, in run_endpoint_function
    return await run_in_threadpool(dependant.call, **values)
           ^^^^^^^^^^^^^^^^^^^^^^^^^^^^^^^^^^^^^^^^^^^^^^^^^
  File "/Users/aakashbaskar/Downloads/APEX_project/venv/lib/python3.13/site-packages/starlette/concurrency.py", line 39, in run_in_threadpool
    return await anyio.to_thread.run_sync(func, *args)
           ^^^^^^^^^^^^^^^^^^^^^^^^^^^^^^^^^^^^^^^^^^^
  File "/Users/aakashbaskar/Downloads/APEX_project/venv/lib/python3.13/site-packages/anyio/to_thread.py", line 63, in run_sync
    return await get_async_backend().run_sync_in_worker_thread(
           ^^^^^^^^^^^^^^^^^^^^^^^^^^^^^^^^^^^^^^^^^^^^^^^^^^^^
        func, args, abandon_on_cancel=abandon_on_cancel, limiter=limiter
        ^^^^^^^^^^^^^^^^^^^^^^^^^^^^^^^^^^^^^^^^^^^^^^^^^^^^^^^^^^^^^^^^
    )
    ^
  File "/Users/aakashbaskar/Downloads/APEX_project/venv/lib/python3.13/site-packages/anyio/_backends/_asyncio.py", line 2502, in run_sync_in_worker_thread
    return await future
           ^^^^^^^^^^^^
  File "/Users/aakashbaskar/Downloads/APEX_project/venv/lib/python3.13/site-packages/anyio/_backends/_asyncio.py", line 986, in run
    result = context.run(func, *args)
  File "/Users/aakashbaskar/Downloads/APEX_project/apex_backend/api.py", line 229, in get_sessions
    if date_end < now:
       ^^^^^^^^^^^^^^
TypeError: can't compare offset-naive and offset-aware datetimes
INFO:     127.0.0.1:52015 - "GET /api/health HTTP/1.1" 200 OK
OpenF1 API Restricted (401): {"detail":"Live F1 session in progress. Global API access (including past sessions) is restricted to authenticated users until the session ends. Get an API key here: https://buy.stripe.com/eVqcN41BPekP0iIalBcEw02"}
INFO:     127.0.0.1:52015 - "GET /api/calendar HTTP/1.1" 200 OK
OpenF1 API Restricted (401): {"detail":"Live F1 session in progress. Global API access (including past sessions) is restricted to authenticated users until the session ends. Get an API key here: https://buy.stripe.com/eVqcN41BPekP0iIalBcEw02"}
INFO:     127.0.0.1:52015 - "GET /api/sessions/1280 HTTP/1.1" 500 Internal Server Error
ERROR:    Exception in ASGI application
Traceback (most recent call last):
  File "/Users/aakashbaskar/Downloads/APEX_project/venv/lib/python3.13/site-packages/uvicorn/protocols/http/httptools_impl.py", line 401, in run_asgi
    result = await app(  # type: ignore[func-returns-value]
             ^^^^^^^^^^^^^^^^^^^^^^^^^^^^^^^^^^^^^^^^^^^^^^
        self.scope, self.receive, self.send
        ^^^^^^^^^^^^^^^^^^^^^^^^^^^^^^^^^^^
    )
    ^
  File "/Users/aakashbaskar/Downloads/APEX_project/venv/lib/python3.13/site-packages/uvicorn/middleware/proxy_headers.py", line 60, in __call__
    return await self.app(scope, receive, send)
           ^^^^^^^^^^^^^^^^^^^^^^^^^^^^^^^^^^^^
  File "/Users/aakashbaskar/Downloads/APEX_project/venv/lib/python3.13/site-packages/fastapi/applications.py", line 1054, in __call__
    await super().__call__(scope, receive, send)
  File "/Users/aakashbaskar/Downloads/APEX_project/venv/lib/python3.13/site-packages/starlette/applications.py", line 113, in __call__
    await self.middleware_stack(scope, receive, send)
  File "/Users/aakashbaskar/Downloads/APEX_project/venv/lib/python3.13/site-packages/starlette/middleware/errors.py", line 187, in __call__
    raise exc
  File "/Users/aakashbaskar/Downloads/APEX_project/venv/lib/python3.13/site-packages/starlette/middleware/errors.py", line 165, in __call__
    await self.app(scope, receive, _send)
  File "/Users/aakashbaskar/Downloads/APEX_project/venv/lib/python3.13/site-packages/starlette/middleware/cors.py", line 85, in __call__
    await self.app(scope, receive, send)
  File "/Users/aakashbaskar/Downloads/APEX_project/venv/lib/python3.13/site-packages/starlette/middleware/exceptions.py", line 62, in __call__
    await wrap_app_handling_exceptions(self.app, conn)(scope, receive, send)
  File "/Users/aakashbaskar/Downloads/APEX_project/venv/lib/python3.13/site-packages/starlette/_exception_handler.py", line 62, in wrapped_app
    raise exc
  File "/Users/aakashbaskar/Downloads/APEX_project/venv/lib/python3.13/site-packages/starlette/_exception_handler.py", line 51, in wrapped_app
    await app(scope, receive, sender)
  File "/Users/aakashbaskar/Downloads/APEX_project/venv/lib/python3.13/site-packages/starlette/routing.py", line 715, in __call__
    await self.middleware_stack(scope, receive, send)
  File "/Users/aakashbaskar/Downloads/APEX_project/venv/lib/python3.13/site-packages/starlette/routing.py", line 735, in app
    await route.handle(scope, receive, send)
  File "/Users/aakashbaskar/Downloads/APEX_project/venv/lib/python3.13/site-packages/starlette/routing.py", line 288, in handle
    await self.app(scope, receive, send)
  File "/Users/aakashbaskar/Downloads/APEX_project/venv/lib/python3.13/site-packages/starlette/routing.py", line 76, in app
    await wrap_app_handling_exceptions(app, request)(scope, receive, send)
  File "/Users/aakashbaskar/Downloads/APEX_project/venv/lib/python3.13/site-packages/starlette/_exception_handler.py", line 62, in wrapped_app
    raise exc
  File "/Users/aakashbaskar/Downloads/APEX_project/venv/lib/python3.13/site-packages/starlette/_exception_handler.py", line 51, in wrapped_app
    await app(scope, receive, sender)
  File "/Users/aakashbaskar/Downloads/APEX_project/venv/lib/python3.13/site-packages/starlette/routing.py", line 73, in app
    response = await f(request)
               ^^^^^^^^^^^^^^^^
  File "/Users/aakashbaskar/Downloads/APEX_project/venv/lib/python3.13/site-packages/fastapi/routing.py", line 301, in app
    raw_response = await run_endpoint_function(
                   ^^^^^^^^^^^^^^^^^^^^^^^^^^^^
    ...<3 lines>...
    )
    ^
  File "/Users/aakashbaskar/Downloads/APEX_project/venv/lib/python3.13/site-packages/fastapi/routing.py", line 214, in run_endpoint_function
    return await run_in_threadpool(dependant.call, **values)
           ^^^^^^^^^^^^^^^^^^^^^^^^^^^^^^^^^^^^^^^^^^^^^^^^^
  File "/Users/aakashbaskar/Downloads/APEX_project/venv/lib/python3.13/site-packages/starlette/concurrency.py", line 39, in run_in_threadpool
    return await anyio.to_thread.run_sync(func, *args)
           ^^^^^^^^^^^^^^^^^^^^^^^^^^^^^^^^^^^^^^^^^^^
  File "/Users/aakashbaskar/Downloads/APEX_project/venv/lib/python3.13/site-packages/anyio/to_thread.py", line 63, in run_sync
    return await get_async_backend().run_sync_in_worker_thread(
           ^^^^^^^^^^^^^^^^^^^^^^^^^^^^^^^^^^^^^^^^^^^^^^^^^^^^
        func, args, abandon_on_cancel=abandon_on_cancel, limiter=limiter
        ^^^^^^^^^^^^^^^^^^^^^^^^^^^^^^^^^^^^^^^^^^^^^^^^^^^^^^^^^^^^^^^^
    )
    ^
  File "/Users/aakashbaskar/Downloads/APEX_project/venv/lib/python3.13/site-packages/anyio/_backends/_asyncio.py", line 2502, in run_sync_in_worker_thread
    return await future
           ^^^^^^^^^^^^
  File "/Users/aakashbaskar/Downloads/APEX_project/venv/lib/python3.13/site-packages/anyio/_backends/_asyncio.py", line 986, in run
    result = context.run(func, *args)
  File "/Users/aakashbaskar/Downloads/APEX_project/apex_backend/api.py", line 229, in get_sessions
    if date_end < now:
       ^^^^^^^^^^^^^^
TypeError: can't compare offset-naive and offset-aware datetimes
INFO:     127.0.0.1:52053 - "GET /api/health HTTP/1.1" 200 OK
INFO:     127.0.0.1:52055 - "GET /api/health HTTP/1.1" 200 OK
OpenF1 API Restricted (401): {"detail":"Live F1 session in progress. Global API access (including past sessions) is restricted to authenticated users until the session ends. Get an API key here: https://buy.stripe.com/eVqcN41BPekP0iIalBcEw02"}
INFO:     127.0.0.1:52054 - "GET /api/calendar HTTP/1.1" 200 OK
OpenF1 API Restricted (401): {"detail":"Live F1 session in progress. Global API access (including past sessions) is restricted to authenticated users until the session ends. Get an API key here: https://buy.stripe.com/eVqcN41BPekP0iIalBcEw02"}
OpenF1 API Restricted (401): {"detail":"Live F1 session in progress. Global API access (including past sessions) is restricted to authenticated users until the session ends. Get an API key here: https://buy.stripe.com/eVqcN41BPekP0iIalBcEw02"}
INFO:     127.0.0.1:52057 - "GET /api/calendar HTTP/1.1" 200 OK
INFO:     127.0.0.1:52059 - "GET /api/sessions/1280 HTTP/1.1" 500 Internal Server Error
ERROR:    Exception in ASGI application
Traceback (most recent call last):
  File "/Users/aakashbaskar/Downloads/APEX_project/venv/lib/python3.13/site-packages/uvicorn/protocols/http/httptools_impl.py", line 401, in run_asgi
    result = await app(  # type: ignore[func-returns-value]
             ^^^^^^^^^^^^^^^^^^^^^^^^^^^^^^^^^^^^^^^^^^^^^^
        self.scope, self.receive, self.send
        ^^^^^^^^^^^^^^^^^^^^^^^^^^^^^^^^^^^
    )
    ^
  File "/Users/aakashbaskar/Downloads/APEX_project/venv/lib/python3.13/site-packages/uvicorn/middleware/proxy_headers.py", line 60, in __call__
    return await self.app(scope, receive, send)
           ^^^^^^^^^^^^^^^^^^^^^^^^^^^^^^^^^^^^
  File "/Users/aakashbaskar/Downloads/APEX_project/venv/lib/python3.13/site-packages/fastapi/applications.py", line 1054, in __call__
    await super().__call__(scope, receive, send)
  File "/Users/aakashbaskar/Downloads/APEX_project/venv/lib/python3.13/site-packages/starlette/applications.py", line 113, in __call__
    await self.middleware_stack(scope, receive, send)
  File "/Users/aakashbaskar/Downloads/APEX_project/venv/lib/python3.13/site-packages/starlette/middleware/errors.py", line 187, in __call__
    raise exc
  File "/Users/aakashbaskar/Downloads/APEX_project/venv/lib/python3.13/site-packages/starlette/middleware/errors.py", line 165, in __call__
    await self.app(scope, receive, _send)
  File "/Users/aakashbaskar/Downloads/APEX_project/venv/lib/python3.13/site-packages/starlette/middleware/cors.py", line 85, in __call__
    await self.app(scope, receive, send)
  File "/Users/aakashbaskar/Downloads/APEX_project/venv/lib/python3.13/site-packages/starlette/middleware/exceptions.py", line 62, in __call__
    await wrap_app_handling_exceptions(self.app, conn)(scope, receive, send)
  File "/Users/aakashbaskar/Downloads/APEX_project/venv/lib/python3.13/site-packages/starlette/_exception_handler.py", line 62, in wrapped_app
    raise exc
  File "/Users/aakashbaskar/Downloads/APEX_project/venv/lib/python3.13/site-packages/starlette/_exception_handler.py", line 51, in wrapped_app
    await app(scope, receive, sender)
  File "/Users/aakashbaskar/Downloads/APEX_project/venv/lib/python3.13/site-packages/starlette/routing.py", line 715, in __call__
    await self.middleware_stack(scope, receive, send)
  File "/Users/aakashbaskar/Downloads/APEX_project/venv/lib/python3.13/site-packages/starlette/routing.py", line 735, in app
    await route.handle(scope, receive, send)
  File "/Users/aakashbaskar/Downloads/APEX_project/venv/lib/python3.13/site-packages/starlette/routing.py", line 288, in handle
    await self.app(scope, receive, send)
  File "/Users/aakashbaskar/Downloads/APEX_project/venv/lib/python3.13/site-packages/starlette/routing.py", line 76, in app
    await wrap_app_handling_exceptions(app, request)(scope, receive, send)
  File "/Users/aakashbaskar/Downloads/APEX_project/venv/lib/python3.13/site-packages/starlette/_exception_handler.py", line 62, in wrapped_app
    raise exc
  File "/Users/aakashbaskar/Downloads/APEX_project/venv/lib/python3.13/site-packages/starlette/_exception_handler.py", line 51, in wrapped_app
    await app(scope, receive, sender)
  File "/Users/aakashbaskar/Downloads/APEX_project/venv/lib/python3.13/site-packages/starlette/routing.py", line 73, in app
    response = await f(request)
               ^^^^^^^^^^^^^^^^
  File "/Users/aakashbaskar/Downloads/APEX_project/venv/lib/python3.13/site-packages/fastapi/routing.py", line 301, in app
    raw_response = await run_endpoint_function(
                   ^^^^^^^^^^^^^^^^^^^^^^^^^^^^
    ...<3 lines>...
    )
    ^
  File "/Users/aakashbaskar/Downloads/APEX_project/venv/lib/python3.13/site-packages/fastapi/routing.py", line 214, in run_endpoint_function
    return await run_in_threadpool(dependant.call, **values)
           ^^^^^^^^^^^^^^^^^^^^^^^^^^^^^^^^^^^^^^^^^^^^^^^^^
  File "/Users/aakashbaskar/Downloads/APEX_project/venv/lib/python3.13/site-packages/starlette/concurrency.py", line 39, in run_in_threadpool
    return await anyio.to_thread.run_sync(func, *args)
           ^^^^^^^^^^^^^^^^^^^^^^^^^^^^^^^^^^^^^^^^^^^
  File "/Users/aakashbaskar/Downloads/APEX_project/venv/lib/python3.13/site-packages/anyio/to_thread.py", line 63, in run_sync
    return await get_async_backend().run_sync_in_worker_thread(
           ^^^^^^^^^^^^^^^^^^^^^^^^^^^^^^^^^^^^^^^^^^^^^^^^^^^^
        func, args, abandon_on_cancel=abandon_on_cancel, limiter=limiter
        ^^^^^^^^^^^^^^^^^^^^^^^^^^^^^^^^^^^^^^^^^^^^^^^^^^^^^^^^^^^^^^^^
    )
    ^
  File "/Users/aakashbaskar/Downloads/APEX_project/venv/lib/python3.13/site-packages/anyio/_backends/_asyncio.py", line 2502, in run_sync_in_worker_thread
    return await future
           ^^^^^^^^^^^^
  File "/Users/aakashbaskar/Downloads/APEX_project/venv/lib/python3.13/site-packages/anyio/_backends/_asyncio.py", line 986, in run
    result = context.run(func, *args)
  File "/Users/aakashbaskar/Downloads/APEX_project/apex_backend/api.py", line 229, in get_sessions
    if date_end < now:
       ^^^^^^^^^^^^^^
TypeError: can't compare offset-naive and offset-aware datetimes
INFO:     127.0.0.1:52070 - "GET /api/health HTTP/1.1" 200 OK
INFO:     127.0.0.1:52072 - "GET /api/health HTTP/1.1" 200 OK
OpenF1 API Restricted (401): {"detail":"Live F1 session in progress. Global API access (including past sessions) is restricted to authenticated users until the session ends. Get an API key here: https://buy.stripe.com/eVqcN41BPekP0iIalBcEw02"}
INFO:     127.0.0.1:52071 - "GET /api/calendar HTTP/1.1" 200 OK
OpenF1 API Restricted (401): {"detail":"Live F1 session in progress. Global API access (including past sessions) is restricted to authenticated users until the session ends. Get an API key here: https://buy.stripe.com/eVqcN41BPekP0iIalBcEw02"}
OpenF1 API Restricted (401): {"detail":"Live F1 session in progress. Global API access (including past sessions) is restricted to authenticated users until the session ends. Get an API key here: https://buy.stripe.com/eVqcN41BPekP0iIalBcEw02"}
INFO:     127.0.0.1:52077 - "GET /api/sessions/1280 HTTP/1.1" 500 Internal Server Error
ERROR:    Exception in ASGI application
Traceback (most recent call last):
  File "/Users/aakashbaskar/Downloads/APEX_project/venv/lib/python3.13/site-packages/uvicorn/protocols/http/httptools_impl.py", line 401, in run_asgi
    result = await app(  # type: ignore[func-returns-value]
             ^^^^^^^^^^^^^^^^^^^^^^^^^^^^^^^^^^^^^^^^^^^^^^
        self.scope, self.receive, self.send
        ^^^^^^^^^^^^^^^^^^^^^^^^^^^^^^^^^^^
    )
    ^
  File "/Users/aakashbaskar/Downloads/APEX_project/venv/lib/python3.13/site-packages/uvicorn/middleware/proxy_headers.py", line 60, in __call__
    return await self.app(scope, receive, send)
           ^^^^^^^^^^^^^^^^^^^^^^^^^^^^^^^^^^^^
  File "/Users/aakashbaskar/Downloads/APEX_project/venv/lib/python3.13/site-packages/fastapi/applications.py", line 1054, in __call__
    await super().__call__(scope, receive, send)
  File "/Users/aakashbaskar/Downloads/APEX_project/venv/lib/python3.13/site-packages/starlette/applications.py", line 113, in __call__
    await self.middleware_stack(scope, receive, send)
  File "/Users/aakashbaskar/Downloads/APEX_project/venv/lib/python3.13/site-packages/starlette/middleware/errors.py", line 187, in __call__
    raise exc
  File "/Users/aakashbaskar/Downloads/APEX_project/venv/lib/python3.13/site-packages/starlette/middleware/errors.py", line 165, in __call__
    await self.app(scope, receive, _send)
  File "/Users/aakashbaskar/Downloads/APEX_project/venv/lib/python3.13/site-packages/starlette/middleware/cors.py", line 85, in __call__
    await self.app(scope, receive, send)
  File "/Users/aakashbaskar/Downloads/APEX_project/venv/lib/python3.13/site-packages/starlette/middleware/exceptions.py", line 62, in __call__
    await wrap_app_handling_exceptions(self.app, conn)(scope, receive, send)
  File "/Users/aakashbaskar/Downloads/APEX_project/venv/lib/python3.13/site-packages/starlette/_exception_handler.py", line 62, in wrapped_app
    raise exc
  File "/Users/aakashbaskar/Downloads/APEX_project/venv/lib/python3.13/site-packages/starlette/_exception_handler.py", line 51, in wrapped_app
    await app(scope, receive, sender)
  File "/Users/aakashbaskar/Downloads/APEX_project/venv/lib/python3.13/site-packages/starlette/routing.py", line 715, in __call__
    await self.middleware_stack(scope, receive, send)
  File "/Users/aakashbaskar/Downloads/APEX_project/venv/lib/python3.13/site-packages/starlette/routing.py", line 735, in app
    await route.handle(scope, receive, send)
  File "/Users/aakashbaskar/Downloads/APEX_project/venv/lib/python3.13/site-packages/starlette/routing.py", line 288, in handle
    await self.app(scope, receive, send)
  File "/Users/aakashbaskar/Downloads/APEX_project/venv/lib/python3.13/site-packages/starlette/routing.py", line 76, in app
    await wrap_app_handling_exceptions(app, request)(scope, receive, send)
  File "/Users/aakashbaskar/Downloads/APEX_project/venv/lib/python3.13/site-packages/starlette/_exception_handler.py", line 62, in wrapped_app
    raise exc
  File "/Users/aakashbaskar/Downloads/APEX_project/venv/lib/python3.13/site-packages/starlette/_exception_handler.py", line 51, in wrapped_app
    await app(scope, receive, sender)
  File "/Users/aakashbaskar/Downloads/APEX_project/venv/lib/python3.13/site-packages/starlette/routing.py", line 73, in app
    response = await f(request)
               ^^^^^^^^^^^^^^^^
  File "/Users/aakashbaskar/Downloads/APEX_project/venv/lib/python3.13/site-packages/fastapi/routing.py", line 301, in app
    raw_response = await run_endpoint_function(
                   ^^^^^^^^^^^^^^^^^^^^^^^^^^^^
    ...<3 lines>...
    )
    ^
  File "/Users/aakashbaskar/Downloads/APEX_project/venv/lib/python3.13/site-packages/fastapi/routing.py", line 214, in run_endpoint_function
    return await run_in_threadpool(dependant.call, **values)
           ^^^^^^^^^^^^^^^^^^^^^^^^^^^^^^^^^^^^^^^^^^^^^^^^^
  File "/Users/aakashbaskar/Downloads/APEX_project/venv/lib/python3.13/site-packages/starlette/concurrency.py", line 39, in run_in_threadpool
    return await anyio.to_thread.run_sync(func, *args)
           ^^^^^^^^^^^^^^^^^^^^^^^^^^^^^^^^^^^^^^^^^^^
  File "/Users/aakashbaskar/Downloads/APEX_project/venv/lib/python3.13/site-packages/anyio/to_thread.py", line 63, in run_sync
    return await get_async_backend().run_sync_in_worker_thread(
           ^^^^^^^^^^^^^^^^^^^^^^^^^^^^^^^^^^^^^^^^^^^^^^^^^^^^
        func, args, abandon_on_cancel=abandon_on_cancel, limiter=limiter
        ^^^^^^^^^^^^^^^^^^^^^^^^^^^^^^^^^^^^^^^^^^^^^^^^^^^^^^^^^^^^^^^^
    )
    ^
  File "/Users/aakashbaskar/Downloads/APEX_project/venv/lib/python3.13/site-packages/anyio/_backends/_asyncio.py", line 2502, in run_sync_in_worker_thread
    return await future
           ^^^^^^^^^^^^
  File "/Users/aakashbaskar/Downloads/APEX_project/venv/lib/python3.13/site-packages/anyio/_backends/_asyncio.py", line 986, in run
    result = context.run(func, *args)
  File "/Users/aakashbaskar/Downloads/APEX_project/apex_backend/api.py", line 229, in get_sessions
    if date_end < now:
       ^^^^^^^^^^^^^^
TypeError: can't compare offset-naive and offset-aware datetimes
INFO:     127.0.0.1:52075 - "GET /api/calendar HTTP/1.1" 200 OK
OpenF1 API Restricted (401): {"detail":"Live F1 session in progress. Global API access (including past sessions) is restricted to authenticated users until the session ends. Get an API key here: https://buy.stripe.com/eVqcN41BPekP0iIalBcEw02"}
INFO:     127.0.0.1:52086 - "GET /api/sessions/1280 HTTP/1.1" 500 Internal Server Error
ERROR:    Exception in ASGI application
Traceback (most recent call last):
  File "/Users/aakashbaskar/Downloads/APEX_project/venv/lib/python3.13/site-packages/uvicorn/protocols/http/httptools_impl.py", line 401, in run_asgi
    result = await app(  # type: ignore[func-returns-value]
             ^^^^^^^^^^^^^^^^^^^^^^^^^^^^^^^^^^^^^^^^^^^^^^
        self.scope, self.receive, self.send
        ^^^^^^^^^^^^^^^^^^^^^^^^^^^^^^^^^^^
    )
    ^
  File "/Users/aakashbaskar/Downloads/APEX_project/venv/lib/python3.13/site-packages/uvicorn/middleware/proxy_headers.py", line 60, in __call__
    return await self.app(scope, receive, send)
           ^^^^^^^^^^^^^^^^^^^^^^^^^^^^^^^^^^^^
  File "/Users/aakashbaskar/Downloads/APEX_project/venv/lib/python3.13/site-packages/fastapi/applications.py", line 1054, in __call__
    await super().__call__(scope, receive, send)
  File "/Users/aakashbaskar/Downloads/APEX_project/venv/lib/python3.13/site-packages/starlette/applications.py", line 113, in __call__
    await self.middleware_stack(scope, receive, send)
  File "/Users/aakashbaskar/Downloads/APEX_project/venv/lib/python3.13/site-packages/starlette/middleware/errors.py", line 187, in __call__
    raise exc
  File "/Users/aakashbaskar/Downloads/APEX_project/venv/lib/python3.13/site-packages/starlette/middleware/errors.py", line 165, in __call__
    await self.app(scope, receive, _send)
  File "/Users/aakashbaskar/Downloads/APEX_project/venv/lib/python3.13/site-packages/starlette/middleware/cors.py", line 85, in __call__
    await self.app(scope, receive, send)
  File "/Users/aakashbaskar/Downloads/APEX_project/venv/lib/python3.13/site-packages/starlette/middleware/exceptions.py", line 62, in __call__
    await wrap_app_handling_exceptions(self.app, conn)(scope, receive, send)
  File "/Users/aakashbaskar/Downloads/APEX_project/venv/lib/python3.13/site-packages/starlette/_exception_handler.py", line 62, in wrapped_app
    raise exc
  File "/Users/aakashbaskar/Downloads/APEX_project/venv/lib/python3.13/site-packages/starlette/_exception_handler.py", line 51, in wrapped_app
    await app(scope, receive, sender)
  File "/Users/aakashbaskar/Downloads/APEX_project/venv/lib/python3.13/site-packages/starlette/routing.py", line 715, in __call__
    await self.middleware_stack(scope, receive, send)
  File "/Users/aakashbaskar/Downloads/APEX_project/venv/lib/python3.13/site-packages/starlette/routing.py", line 735, in app
    await route.handle(scope, receive, send)
  File "/Users/aakashbaskar/Downloads/APEX_project/venv/lib/python3.13/site-packages/starlette/routing.py", line 288, in handle
    await self.app(scope, receive, send)
  File "/Users/aakashbaskar/Downloads/APEX_project/venv/lib/python3.13/site-packages/starlette/routing.py", line 76, in app
    await wrap_app_handling_exceptions(app, request)(scope, receive, send)
  File "/Users/aakashbaskar/Downloads/APEX_project/venv/lib/python3.13/site-packages/starlette/_exception_handler.py", line 62, in wrapped_app
    raise exc
  File "/Users/aakashbaskar/Downloads/APEX_project/venv/lib/python3.13/site-packages/starlette/_exception_handler.py", line 51, in wrapped_app
    await app(scope, receive, sender)
  File "/Users/aakashbaskar/Downloads/APEX_project/venv/lib/python3.13/site-packages/starlette/routing.py", line 73, in app
    response = await f(request)
               ^^^^^^^^^^^^^^^^
  File "/Users/aakashbaskar/Downloads/APEX_project/venv/lib/python3.13/site-packages/fastapi/routing.py", line 301, in app
    raw_response = await run_endpoint_function(
                   ^^^^^^^^^^^^^^^^^^^^^^^^^^^^
    ...<3 lines>...
    )
    ^
  File "/Users/aakashbaskar/Downloads/APEX_project/venv/lib/python3.13/site-packages/fastapi/routing.py", line 214, in run_endpoint_function
    return await run_in_threadpool(dependant.call, **values)
           ^^^^^^^^^^^^^^^^^^^^^^^^^^^^^^^^^^^^^^^^^^^^^^^^^
  File "/Users/aakashbaskar/Downloads/APEX_project/venv/lib/python3.13/site-packages/starlette/concurrency.py", line 39, in run_in_threadpool
    return await anyio.to_thread.run_sync(func, *args)
           ^^^^^^^^^^^^^^^^^^^^^^^^^^^^^^^^^^^^^^^^^^^
  File "/Users/aakashbaskar/Downloads/APEX_project/venv/lib/python3.13/site-packages/anyio/to_thread.py", line 63, in run_sync
    return await get_async_backend().run_sync_in_worker_thread(
           ^^^^^^^^^^^^^^^^^^^^^^^^^^^^^^^^^^^^^^^^^^^^^^^^^^^^
        func, args, abandon_on_cancel=abandon_on_cancel, limiter=limiter
        ^^^^^^^^^^^^^^^^^^^^^^^^^^^^^^^^^^^^^^^^^^^^^^^^^^^^^^^^^^^^^^^^
    )
    ^
  File "/Users/aakashbaskar/Downloads/APEX_project/venv/lib/python3.13/site-packages/anyio/_backends/_asyncio.py", line 2502, in run_sync_in_worker_thread
    return await future
           ^^^^^^^^^^^^
  File "/Users/aakashbaskar/Downloads/APEX_project/venv/lib/python3.13/site-packages/anyio/_backends/_asyncio.py", line 986, in run
    result = context.run(func, *args)
  File "/Users/aakashbaskar/Downloads/APEX_project/apex_backend/api.py", line 229, in get_sessions
    if date_end < now:
       ^^^^^^^^^^^^^^
TypeError: can't compare offset-naive and offset-aware datetimes
WARNING:  WatchFiles detected changes in 'api.py'. Reloading...
INFO:     Shutting down
INFO:     Waiting for application shutdown.
INFO:     Application shutdown complete.
INFO:     Finished server process [79442]
INFO:     Started server process [79912]
INFO:     Waiting for application startup.
INFO:     Application startup complete.
OpenF1 API Restricted (401): {"detail":"Live F1 session in progress. Global API access (including past sessions) is restricted to authenticated users until the session ends. Get an API key here: https://buy.stripe.com/eVqcN41BPekP0iIalBcEw02"}
INFO:     127.0.0.1:52094 - "GET /api/sessions/1280 HTTP/1.1" 200 OK
